<?xml version="1.0" encoding="utf-8"?><testsuites name="pytest tests"><testsuite name="pytest" errors="0" failures="0" skipped="0" tests="16" time="67.675" timestamp="2026-03-10T09:46:33.387638+00:00" hostname="agent-env-bbb1586b-9ee5-49bc-a618-ca4274357617"><testcase classname="backend.tests.test_4_bug_fixes.TestBugFixes" name="test_lead_import_with_csv_file" time="8.350" /><testcase classname="backend.tests.test_4_bug_fixes.TestBugFixes" name="test_lead_import_with_json_array" time="5.318" /><testcase classname="backend.tests.test_4_bug_fixes.TestBugFixes" name="test_lead_import_requires_auth" time="0.926" /><testcase classname="backend.tests.test_4_bug_fixes.TestBugFixes" name="test_create_team_member_as_admin" time="4.193" /><testcase classname="backend.tests.test_4_bug_fixes.TestBugFixes" name="test_create_team_member_as_manager" time="4.187" /><testcase classname="backend.tests.test_4_bug_fixes.TestBugFixes" name="test_create_team_member_validates_required_fields" time="1.517" /><testcase classname="backend.tests.test_4_bug_fixes.TestBugFixes" name="test_create_team_member_prevents_duplicate_email" time="1.415" /><testcase classname="backend.tests.test_4_bug_fixes.TestBugFixes" name="test_admin_can_edit_own_name" time="4.446" /><testcase classname="backend.tests.test_4_bug_fixes.TestBugFixes" name="test_admin_can_edit_own_email" time="4.361" /><testcase classname="backend.tests.test_4_bug_fixes.TestBugFixes" name="test_non_admin_can_edit_own_name_email" time="4.916" /><testcase classname="backend.tests.test_4_bug_fixes.TestBugFixes" name="test_non_admin_cannot_change_own_role" time="1.754" /><testcase classname="backend.tests.test_4_bug_fixes.TestBugFixes" name="test_bulk_delete_as_admin_succeeds" time="8.548" /><testcase classname="backend.tests.test_4_bug_fixes.TestBugFixes" name="test_bulk_delete_as_manager_forbidden" time="5.651" /><testcase classname="backend.tests.test_4_bug_fixes.TestBugFixes" name="test_bulk_delete_requires_lead_ids" time="1.526" /><testcase classname="backend.tests.test_4_bug_fixes.TestBugFixes" name="test_bulk_delete_requires_auth" time="0.914" /><testcase classname="backend.tests.test_4_bug_fixes.TestSalesRepBulkDelete" name="test_sales_rep_cannot_bulk_delete" time="9.596" /></testsuite></testsuites>