<?xml version="1.0" encoding="utf-8"?><testsuites name="pytest tests"><testsuite name="pytest" errors="0" failures="0" skipped="1" tests="13" time="2.371" timestamp="2026-03-06T10:52:49.167747+00:00" hostname="agent-env-edb7e11b-41d6-4c18-8ecd-d9d888f4683c"><testcase classname="backend.tests.test_bug_fixes.TestAPIHealth" name="test_api_health" time="0.223" /><testcase classname="backend.tests.test_bug_fixes.TestLeadsTableColumns" name="test_leads_list_returns_required_fields" time="0.299" /><testcase classname="backend.tests.test_bug_fixes.TestBookingCreation" name="test_get_booking_reasons" time="0.103" /><testcase classname="backend.tests.test_bug_fixes.TestBookingCreation" name="test_create_booking_with_lead" time="0.233" /><testcase classname="backend.tests.test_bug_fixes.TestBookingCreation" name="test_get_bookings_list" time="0.105" /><testcase classname="backend.tests.test_bug_fixes.TestSalesRepLeadFiltering" name="test_sales_rep_sees_only_assigned_leads" time="0.386" /><testcase classname="backend.tests.test_bug_fixes.TestSalesRepLeadFiltering" name="test_admin_sees_all_leads" time="0.113" /><testcase classname="backend.tests.test_bug_fixes.TestDashboardAlerts" name="test_admin_dashboard_stats" time="0.103" /><testcase classname="backend.tests.test_bug_fixes.TestDashboardAlerts" name="test_sales_rep_dashboard_stats" time="0.109" /><testcase classname="backend.tests.test_bug_fixes.TestDashboardAlerts" name="test_manager_dashboard_stats" time="0.297" /><testcase classname="backend.tests.test_bug_fixes.TestDashboardAlerts" name="test_overdue_followups_endpoint" time="0.109" /><testcase classname="backend.tests.test_bug_fixes.TestBookingAmountReceived" name="test_booking_has_final_price_field" time="0.100" /><testcase classname="backend.tests.test_bug_fixes.TestBookingAmountReceived" name="test_create_booking_with_amount_received" time="0.112"><skipped type="pytest.skip" message="No eligible leads for booking test">/app/backend/tests/test_bug_fixes.py:285: No eligible leads for booking test</skipped></testcase></testsuite></testsuites>