<?xml version="1.0" encoding="utf-8"?><testsuites name="pytest tests"><testsuite name="pytest" errors="0" failures="2" skipped="0" tests="16" time="67.905" timestamp="2026-03-10T09:39:07.552855+00:00" hostname="agent-env-bbb1586b-9ee5-49bc-a618-ca4274357617"><testcase classname="backend.tests.test_4_bug_fixes.TestBugFixes" name="test_lead_import_with_csv_file" time="8.281" /><testcase classname="backend.tests.test_4_bug_fixes.TestBugFixes" name="test_lead_import_with_json_array" time="5.376" /><testcase classname="backend.tests.test_4_bug_fixes.TestBugFixes" name="test_lead_import_requires_auth" time="0.931" /><testcase classname="backend.tests.test_4_bug_fixes.TestBugFixes" name="test_create_team_member_as_admin" time="4.245" /><testcase classname="backend.tests.test_4_bug_fixes.TestBugFixes" name="test_create_team_member_as_manager" time="4.209" /><testcase classname="backend.tests.test_4_bug_fixes.TestBugFixes" name="test_create_team_member_validates_required_fields" time="1.548" /><testcase classname="backend.tests.test_4_bug_fixes.TestBugFixes" name="test_create_team_member_prevents_duplicate_email" time="1.391" /><testcase classname="backend.tests.test_4_bug_fixes.TestBugFixes" name="test_admin_can_edit_own_name" time="4.423" /><testcase classname="backend.tests.test_4_bug_fixes.TestBugFixes" name="test_admin_can_edit_own_email" time="4.359" /><testcase classname="backend.tests.test_4_bug_fixes.TestBugFixes" name="test_non_admin_can_edit_own_name_email" time="4.442" /><testcase classname="backend.tests.test_4_bug_fixes.TestBugFixes" name="test_non_admin_cannot_change_own_role" time="2.439"><failure message="AssertionError: Non-admin should not be able to change own role to admin&#10;assert 'admin' != 'admin'">backend/tests/test_4_bug_fixes.py:346: in test_non_admin_cannot_change_own_role
    assert data["role"] != "admin", "Non-admin should not be able to change own role to admin"
E   AssertionError: Non-admin should not be able to change own role to admin
E   assert 'admin' != 'admin'</failure></testcase><testcase classname="backend.tests.test_4_bug_fixes.TestBugFixes" name="test_bulk_delete_as_admin_succeeds" time="8.544" /><testcase classname="backend.tests.test_4_bug_fixes.TestBugFixes" name="test_bulk_delete_as_manager_forbidden" time="5.633"><failure message="AssertionError: Manager should get 403 for bulk delete, got 200&#10;assert 200 == 403&#10; +  where 200 = &lt;Response [200]&gt;.status_code">backend/tests/test_4_bug_fixes.py:417: in test_bulk_delete_as_manager_forbidden
    assert response.status_code == 403, f"Manager should get 403 for bulk delete, got {response.status_code}"
E   AssertionError: Manager should get 403 for bulk delete, got 200
E   assert 200 == 403
E    +  where 200 = &lt;Response [200]&gt;.status_code</failure></testcase><testcase classname="backend.tests.test_4_bug_fixes.TestBugFixes" name="test_bulk_delete_requires_lead_ids" time="1.508" /><testcase classname="backend.tests.test_4_bug_fixes.TestBugFixes" name="test_bulk_delete_requires_auth" time="0.903" /><testcase classname="backend.tests.test_4_bug_fixes.TestSalesRepBulkDelete" name="test_sales_rep_cannot_bulk_delete" time="9.528" /></testsuite></testsuites>