<?xml version="1.0" encoding="utf-8"?><testsuites name="pytest tests"><testsuite name="pytest" errors="0" failures="8" skipped="0" tests="9" time="2.253" timestamp="2026-03-05T07:20:21.525738+00:00" hostname="agent-env-04eb6267-af52-43f3-a6ed-d6fb8e4ac0f1"><testcase classname="tests.test_currency_edit_user.TestEditUserAPI" name="test_get_users_list" time="0.349"><failure message="AssertionError: Expected 200, got 401&#10;assert 401 == 200&#10; +  where 401 = &lt;Response [401]&gt;.status_code">tests/test_currency_edit_user.py:48: in test_get_users_list
    assert response.status_code == 200, f"Expected 200, got {response.status_code}"
E   AssertionError: Expected 200, got 401
E   assert 401 == 200
E    +  where 401 = &lt;Response [401]&gt;.status_code</failure></testcase><testcase classname="tests.test_currency_edit_user.TestEditUserAPI" name="test_edit_user_name_as_admin" time="0.244"><failure message="TypeError: string indices must be integers, not 'str'">tests/test_currency_edit_user.py:74: in test_edit_user_name_as_admin
    if user["email"] != ADMIN_EMAIL:
       ^^^^^^^^^^^^^
E   TypeError: string indices must be integers, not 'str'</failure></testcase><testcase classname="tests.test_currency_edit_user.TestEditUserAPI" name="test_edit_user_email_as_admin" time="0.219"><failure message="TypeError: string indices must be integers, not 'str'">tests/test_currency_edit_user.py:112: in test_edit_user_email_as_admin
    if user["email"] != ADMIN_EMAIL and "test" not in user["email"].lower():
       ^^^^^^^^^^^^^
E   TypeError: string indices must be integers, not 'str'</failure></testcase><testcase classname="tests.test_currency_edit_user.TestEditUserAPI" name="test_edit_user_name_and_email_together" time="0.235"><failure message="TypeError: string indices must be integers, not 'str'">tests/test_currency_edit_user.py:150: in test_edit_user_name_and_email_together
    if user["email"] != ADMIN_EMAIL:
       ^^^^^^^^^^^^^
E   TypeError: string indices must be integers, not 'str'</failure></testcase><testcase classname="tests.test_currency_edit_user.TestEditUserAPI" name="test_edit_user_as_manager" time="0.218"><failure message="TypeError: string indices must be integers, not 'str'">tests/test_currency_edit_user.py:201: in test_edit_user_as_manager
    if user["role"] == "sales_rep":
       ^^^^^^^^^^^^
E   TypeError: string indices must be integers, not 'str'</failure></testcase><testcase classname="tests.test_currency_edit_user.TestEditUserAPI" name="test_edit_user_as_sales_rep_forbidden" time="0.234"><failure message="TypeError: string indices must be integers, not 'str'">tests/test_currency_edit_user.py:238: in test_edit_user_as_sales_rep_forbidden
    if user["email"] != SALES_REP_EMAIL:
       ^^^^^^^^^^^^^
E   TypeError: string indices must be integers, not 'str'</failure></testcase><testcase classname="tests.test_currency_edit_user.TestEditUserAPI" name="test_edit_nonexistent_user" time="0.229"><failure message="AssertionError: Expected error for non-existent user, got 401&#10;assert 401 in [404, 400, 500]&#10; +  where 401 = &lt;Response [401]&gt;.status_code">tests/test_currency_edit_user.py:261: in test_edit_nonexistent_user
    assert response.status_code in [404, 400, 500], f"Expected error for non-existent user, got {response.status_code}"
E   AssertionError: Expected error for non-existent user, got 401
E   assert 401 in [404, 400, 500]
E    +  where 401 = &lt;Response [401]&gt;.status_code</failure></testcase><testcase classname="tests.test_currency_edit_user.TestEditUserAPI" name="test_edit_user_empty_fields" time="0.255"><failure message="KeyError: 0">tests/test_currency_edit_user.py:272: in test_edit_user_empty_fields
    target_user = users[0]
                  ^^^^^^^^
E   KeyError: 0</failure></testcase><testcase classname="tests.test_currency_edit_user.TestHealthCheck" name="test_api_health" time="0.095" /></testsuite></testsuites>