<?xml version="1.0" encoding="utf-8"?><testsuites name="pytest tests"><testsuite name="pytest" errors="0" failures="0" skipped="0" tests="9" time="2.703" timestamp="2026-03-05T07:20:56.247092+00:00" hostname="agent-env-04eb6267-af52-43f3-a6ed-d6fb8e4ac0f1"><testcase classname="tests.test_currency_edit_user.TestEditUserAPI" name="test_get_users_list" time="0.340" /><testcase classname="tests.test_currency_edit_user.TestEditUserAPI" name="test_edit_user_name_as_admin" time="0.317" /><testcase classname="tests.test_currency_edit_user.TestEditUserAPI" name="test_edit_user_email_as_admin" time="0.341" /><testcase classname="tests.test_currency_edit_user.TestEditUserAPI" name="test_edit_user_name_and_email_together" time="0.379" /><testcase classname="tests.test_currency_edit_user.TestEditUserAPI" name="test_edit_user_as_manager" time="0.383" /><testcase classname="tests.test_currency_edit_user.TestEditUserAPI" name="test_edit_user_as_sales_rep_forbidden" time="0.263" /><testcase classname="tests.test_currency_edit_user.TestEditUserAPI" name="test_edit_nonexistent_user" time="0.231" /><testcase classname="tests.test_currency_edit_user.TestEditUserAPI" name="test_edit_user_empty_fields" time="0.281" /><testcase classname="tests.test_currency_edit_user.TestHealthCheck" name="test_api_health" time="0.102" /></testsuite></testsuites>