<?xml version="1.0" encoding="utf-8"?><testsuites name="pytest tests"><testsuite name="pytest" errors="0" failures="0" skipped="0" tests="12" time="26.154" timestamp="2026-04-16T11:49:32.498430+00:00" hostname="agent-env-62021306-842d-4965-8eea-6b49ccd19407"><testcase classname="backend.tests.test_followup_notifications.TestFollowupNotifications" name="test_api_health" time="0.157" /><testcase classname="backend.tests.test_followup_notifications.TestFollowupNotifications" name="test_admin_login" time="0.511" /><testcase classname="backend.tests.test_followup_notifications.TestFollowupNotifications" name="test_notifications_endpoint_returns_data" time="2.856" /><testcase classname="backend.tests.test_followup_notifications.TestFollowupNotifications" name="test_followup_missed_notification_exists" time="1.570" /><testcase classname="backend.tests.test_followup_notifications.TestFollowupNotifications" name="test_followup_notification_has_target_id" time="1.529" /><testcase classname="backend.tests.test_followup_notifications.TestFollowupNotifications" name="test_followup_notification_has_metadata" time="1.513" /><testcase classname="backend.tests.test_followup_notifications.TestFollowupNotifications" name="test_followup_missed_has_high_priority" time="3.440" /><testcase classname="backend.tests.test_followup_notifications.TestFollowupNotifications" name="test_mark_notification_as_read" time="5.002" /><testcase classname="backend.tests.test_followup_notifications.TestFollowupNotifications" name="test_mark_all_notifications_read" time="3.475" /><testcase classname="backend.tests.test_followup_notifications.TestFollowupNotifications" name="test_manager_gets_followup_notifications" time="2.124" /><testcase classname="backend.tests.test_followup_notifications.TestFollowupNotifications" name="test_notification_types_enum" time="1.557" /><testcase classname="backend.tests.test_followup_notifications.TestFollowupNotifications" name="test_lead_detail_accessible_from_notification" time="2.312" /></testsuite></testsuites>