<?xml version="1.0" encoding="utf-8"?><testsuites name="pytest tests"><testsuite name="pytest" errors="0" failures="0" skipped="0" tests="22" time="121.142" timestamp="2026-03-10T09:11:20.732330+00:00" hostname="agent-env-bbb1586b-9ee5-49bc-a618-ca4274357617"><testcase classname="backend.tests.test_lead_management_rules.TestRule1AssignmentEnforcement" name="test_unassigned_lead_cannot_move_to_interested" time="5.621" /><testcase classname="backend.tests.test_lead_management_rules.TestRule1AssignmentEnforcement" name="test_unassigned_lead_cannot_move_to_not_answered" time="5.028" /><testcase classname="backend.tests.test_lead_management_rules.TestRule1AssignmentEnforcement" name="test_unassigned_lead_cannot_move_to_followup" time="5.023" /><testcase classname="backend.tests.test_lead_management_rules.TestRule1AssignmentEnforcement" name="test_assigned_lead_can_move_to_interested" time="8.228" /><testcase classname="backend.tests.test_lead_management_rules.TestRule2ClosedReasonRequired" name="test_lost_status_requires_reason" time="6.060" /><testcase classname="backend.tests.test_lead_management_rules.TestRule2ClosedReasonRequired" name="test_not_interested_status_requires_reason" time="5.233" /><testcase classname="backend.tests.test_lead_management_rules.TestRule2ClosedReasonRequired" name="test_lost_status_succeeds_with_reason" time="7.497" /><testcase classname="backend.tests.test_lead_management_rules.TestRule2ClosedReasonRequired" name="test_not_interested_status_succeeds_with_reason" time="7.671" /><testcase classname="backend.tests.test_lead_management_rules.TestRule2ClosedReasonRequired" name="test_available_closed_reasons_returned" time="5.054" /><testcase classname="backend.tests.test_lead_management_rules.TestRule3DuplicateDetection" name="test_check_duplicate_endpoint" time="5.432" /><testcase classname="backend.tests.test_lead_management_rules.TestRule3DuplicateDetection" name="test_duplicate_create_blocked_returns_409" time="5.047" /><testcase classname="backend.tests.test_lead_management_rules.TestRule3DuplicateDetection" name="test_force_create_bypasses_duplicate_check" time="8.644" /><testcase classname="backend.tests.test_lead_management_rules.TestRule3DuplicateDetection" name="test_no_duplicate_for_unique_phone" time="0.584" /><testcase classname="backend.tests.test_lead_management_rules.TestRule4NotificationsAPI" name="test_notifications_endpoint_exists" time="1.238" /><testcase classname="backend.tests.test_lead_management_rules.TestRule4NotificationsAPI" name="test_notifications_unread_filter" time="0.803" /><testcase classname="backend.tests.test_lead_management_rules.TestRule4NotificationsAPI" name="test_mark_notification_as_read" time="2.312" /><testcase classname="backend.tests.test_lead_management_rules.TestRule4NotificationsAPI" name="test_mark_all_notifications_read" time="0.573" /><testcase classname="backend.tests.test_lead_management_rules.TestRule5StageTransitionRestriction" name="test_interested_to_not_interested_blocked" time="9.189" /><testcase classname="backend.tests.test_lead_management_rules.TestRule5StageTransitionRestriction" name="test_followup_to_not_interested_blocked" time="8.782" /><testcase classname="backend.tests.test_lead_management_rules.TestRule5StageTransitionRestriction" name="test_interested_to_won_allowed" time="11.119" /><testcase classname="backend.tests.test_lead_management_rules.TestRule5StageTransitionRestriction" name="test_interested_to_lost_allowed_with_reason" time="11.103" /><testcase classname="backend.tests.test_lead_management_rules.TestClosedReasonsEndpoint" name="test_get_closed_reasons" time="0.751" /></testsuite></testsuites>