<?xml version="1.0" encoding="utf-8"?><testsuites name="pytest tests"><testsuite name="pytest" errors="0" failures="0" skipped="1" tests="22" time="7.587" timestamp="2026-02-23T10:09:47.717928+00:00" hostname="agent-env-30d76f69-1a4d-447a-baac-878cb1878989"><testcase classname="backend.tests.test_new_features.TestAgentPerformanceWithDateFilter" name="test_agent_performance_no_filter" time="0.400" /><testcase classname="backend.tests.test_new_features.TestAgentPerformanceWithDateFilter" name="test_agent_performance_last_7_days" time="0.311" /><testcase classname="backend.tests.test_new_features.TestAgentPerformanceWithDateFilter" name="test_agent_performance_last_30_days" time="0.280" /><testcase classname="backend.tests.test_new_features.TestAgentPerformanceWithDateFilter" name="test_agent_performance_this_month" time="0.317" /><testcase classname="backend.tests.test_new_features.TestAgentPerformanceWithDateFilter" name="test_agent_performance_custom_date_range" time="0.307" /><testcase classname="backend.tests.test_new_features.TestAgentPerformanceWithDateFilter" name="test_agent_performance_specific_agent" time="0.385" /><testcase classname="backend.tests.test_new_features.TestLeadsExport" name="test_export_leads_csv" time="0.305" /><testcase classname="backend.tests.test_new_features.TestLeadsExport" name="test_export_leads_xlsx" time="0.296" /><testcase classname="backend.tests.test_new_features.TestLeadsExport" name="test_export_leads_with_status_filter" time="0.269" /><testcase classname="backend.tests.test_new_features.TestLeadsExport" name="test_export_leads_with_source_filter" time="0.283" /><testcase classname="backend.tests.test_new_features.TestAutoResetJob" name="test_run_auto_reset_admin" time="0.363" /><testcase classname="backend.tests.test_new_features.TestAutoResetJob" name="test_run_auto_reset_non_admin_forbidden" time="0.279" /><testcase classname="backend.tests.test_new_features.TestUserManagement" name="test_toggle_user_status_deactivate" time="0.465" /><testcase classname="backend.tests.test_new_features.TestUserManagement" name="test_toggle_user_status_reactivate" time="0.586" /><testcase classname="backend.tests.test_new_features.TestUserManagement" name="test_cannot_deactivate_self" time="0.390" /><testcase classname="backend.tests.test_new_features.TestUserManagement" name="test_reset_password" time="0.699" /><testcase classname="backend.tests.test_new_features.TestUserManagement" name="test_reset_password_too_short" time="0.264"><skipped type="pytest.skip" message="Could not create test user">/app/backend/tests/test_new_features.py:391: Could not create test user</skipped></testcase><testcase classname="backend.tests.test_new_features.TestUserManagement" name="test_non_admin_cannot_toggle_status" time="0.378" /><testcase classname="backend.tests.test_new_features.TestUserManagement" name="test_non_admin_cannot_reset_password" time="0.368" /><testcase classname="backend.tests.test_new_features.TestAuthenticationAfterChanges" name="test_admin_login_still_works" time="0.175" /><testcase classname="backend.tests.test_new_features.TestAuthenticationAfterChanges" name="test_manager_login_still_works" time="0.162" /><testcase classname="backend.tests.test_new_features.TestAuthenticationAfterChanges" name="test_sales_rep_login_still_works" time="0.180" /></testsuite></testsuites>