<?xml version="1.0" encoding="utf-8"?><testsuites name="pytest tests"><testsuite name="pytest" errors="0" failures="0" skipped="0" tests="15" time="7.381" timestamp="2026-02-26T23:54:56.205303+00:00" hostname="agent-env-04eb6267-af52-43f3-a6ed-d6fb8e4ac0f1"><testcase classname="backend.tests.test_p2_features.TestP2Features" name="test_export_leads_no_filter" time="0.628" /><testcase classname="backend.tests.test_p2_features.TestP2Features" name="test_export_leads_with_status_filter" time="0.470" /><testcase classname="backend.tests.test_p2_features.TestP2Features" name="test_export_leads_with_source_filter" time="0.442" /><testcase classname="backend.tests.test_p2_features.TestP2Features" name="test_export_leads_with_multiple_filters" time="0.465" /><testcase classname="backend.tests.test_p2_features.TestP2Features" name="test_bulk_assign_leads" time="0.589" /><testcase classname="backend.tests.test_p2_features.TestP2Features" name="test_bulk_assign_invalid_assignee" time="0.497" /><testcase classname="backend.tests.test_p2_features.TestP2Features" name="test_bulk_assign_empty_lead_ids" time="0.493" /><testcase classname="backend.tests.test_p2_features.TestP2Features" name="test_uncontacted_leads_endpoint_sales_rep" time="0.527" /><testcase classname="backend.tests.test_p2_features.TestP2Features" name="test_uncontacted_leads_endpoint_team_lead" time="0.474" /><testcase classname="backend.tests.test_p2_features.TestP2Features" name="test_overdue_followups_endpoint_sales_rep" time="0.514" /><testcase classname="backend.tests.test_p2_features.TestP2Features" name="test_overdue_followups_endpoint_team_lead" time="0.474" /><testcase classname="backend.tests.test_p2_features.TestP2Features" name="test_dashboard_stats_includes_uncontacted_count" time="0.439" /><testcase classname="backend.tests.test_p2_features.TestP2Features" name="test_dashboard_stats_includes_overdue_followups" time="0.449" /><testcase classname="backend.tests.test_p2_features.TestBulkStatusUpdate" name="test_bulk_status_update" time="0.382" /><testcase classname="backend.tests.test_p2_features.TestBulkStatusUpdate" name="test_bulk_status_update_invalid_status" time="0.424" /></testsuite></testsuites>