<?xml version="1.0" encoding="utf-8"?><testsuites name="pytest tests"><testsuite name="pytest" errors="0" failures="0" skipped="0" tests="31" time="8.618" timestamp="2026-02-23T09:37:18.800568+00:00" hostname="agent-env-30d76f69-1a4d-447a-baac-878cb1878989"><testcase classname="backend.tests.test_bidinn_api.TestHealthCheck" name="test_health_endpoint" time="0.228" /><testcase classname="backend.tests.test_bidinn_api.TestHealthCheck" name="test_api_root" time="0.109" /><testcase classname="backend.tests.test_bidinn_api.TestAuthentication" name="test_login_admin_success" time="0.179" /><testcase classname="backend.tests.test_bidinn_api.TestAuthentication" name="test_login_manager_success" time="0.167" /><testcase classname="backend.tests.test_bidinn_api.TestAuthentication" name="test_login_sales_rep_success" time="0.169" /><testcase classname="backend.tests.test_bidinn_api.TestAuthentication" name="test_login_invalid_credentials" time="0.134" /><testcase classname="backend.tests.test_bidinn_api.TestAuthentication" name="test_get_current_user" time="0.300" /><testcase classname="backend.tests.test_bidinn_api.TestAuthentication" name="test_register_new_user" time="0.174" /><testcase classname="backend.tests.test_bidinn_api.TestAuthentication" name="test_register_duplicate_email" time="0.095" /><testcase classname="backend.tests.test_bidinn_api.TestDashboard" name="test_dashboard_stats" time="0.269" /><testcase classname="backend.tests.test_bidinn_api.TestDashboard" name="test_leaderboard" time="0.281" /><testcase classname="backend.tests.test_bidinn_api.TestDashboard" name="test_pipeline_stats" time="0.278" /><testcase classname="backend.tests.test_bidinn_api.TestDashboard" name="test_revenue_trend" time="0.286" /><testcase classname="backend.tests.test_bidinn_api.TestDashboard" name="test_source_performance" time="0.276" /><testcase classname="backend.tests.test_bidinn_api.TestLeads" name="test_get_leads" time="0.288" /><testcase classname="backend.tests.test_bidinn_api.TestLeads" name="test_filter_leads_by_status" time="0.294" /><testcase classname="backend.tests.test_bidinn_api.TestLeads" name="test_filter_leads_by_source" time="0.273" /><testcase classname="backend.tests.test_bidinn_api.TestLeads" name="test_search_leads" time="0.268" /><testcase classname="backend.tests.test_bidinn_api.TestLeads" name="test_create_lead" time="0.304" /><testcase classname="backend.tests.test_bidinn_api.TestLeads" name="test_get_lead_by_id" time="0.391" /><testcase classname="backend.tests.test_bidinn_api.TestLeads" name="test_update_lead_status" time="0.505" /><testcase classname="backend.tests.test_bidinn_api.TestLeads" name="test_log_call_for_lead" time="0.381" /><testcase classname="backend.tests.test_bidinn_api.TestLeads" name="test_get_import_template" time="0.274" /><testcase classname="backend.tests.test_bidinn_api.TestUsers" name="test_get_all_users" time="0.280" /><testcase classname="backend.tests.test_bidinn_api.TestUsers" name="test_get_user_by_id" time="0.382" /><testcase classname="backend.tests.test_bidinn_api.TestBookings" name="test_get_bookings" time="0.301" /><testcase classname="backend.tests.test_bidinn_api.TestBookings" name="test_get_booking_by_id" time="0.377" /><testcase classname="backend.tests.test_bidinn_api.TestCalls" name="test_get_calls" time="0.272" /><testcase classname="backend.tests.test_bidinn_api.TestAdmin" name="test_get_features" time="0.271" /><testcase classname="backend.tests.test_bidinn_api.TestRoleBasedAccess" name="test_sales_rep_cannot_delete_lead" time="0.390" /><testcase classname="backend.tests.test_bidinn_api.TestRoleBasedAccess" name="test_admin_can_access_seed_data" time="0.282" /></testsuite></testsuites>