<?xml version="1.0" encoding="utf-8"?><testsuites name="pytest tests"><testsuite name="pytest" errors="0" failures="0" skipped="0" tests="31" time="12.428" timestamp="2026-02-26T17:08:58.404493+00:00" hostname="agent-env-04eb6267-af52-43f3-a6ed-d6fb8e4ac0f1"><testcase classname="backend.tests.test_bidinn_api.TestHealthCheck" name="test_health_endpoint" time="0.276" /><testcase classname="backend.tests.test_bidinn_api.TestHealthCheck" name="test_api_root" time="0.285" /><testcase classname="backend.tests.test_bidinn_api.TestAuthentication" name="test_login_admin_success" time="0.240" /><testcase classname="backend.tests.test_bidinn_api.TestAuthentication" name="test_login_manager_success" time="0.218" /><testcase classname="backend.tests.test_bidinn_api.TestAuthentication" name="test_login_sales_rep_success" time="0.277" /><testcase classname="backend.tests.test_bidinn_api.TestAuthentication" name="test_login_invalid_credentials" time="0.130" /><testcase classname="backend.tests.test_bidinn_api.TestAuthentication" name="test_get_current_user" time="0.499" /><testcase classname="backend.tests.test_bidinn_api.TestAuthentication" name="test_register_new_user" time="0.233" /><testcase classname="backend.tests.test_bidinn_api.TestAuthentication" name="test_register_duplicate_email" time="0.116" /><testcase classname="backend.tests.test_bidinn_api.TestDashboard" name="test_dashboard_stats" time="0.414" /><testcase classname="backend.tests.test_bidinn_api.TestDashboard" name="test_leaderboard" time="0.371" /><testcase classname="backend.tests.test_bidinn_api.TestDashboard" name="test_pipeline_stats" time="0.507" /><testcase classname="backend.tests.test_bidinn_api.TestDashboard" name="test_revenue_trend" time="0.439" /><testcase classname="backend.tests.test_bidinn_api.TestDashboard" name="test_source_performance" time="0.344" /><testcase classname="backend.tests.test_bidinn_api.TestLeads" name="test_get_leads" time="0.372" /><testcase classname="backend.tests.test_bidinn_api.TestLeads" name="test_filter_leads_by_status" time="0.506" /><testcase classname="backend.tests.test_bidinn_api.TestLeads" name="test_filter_leads_by_source" time="0.326" /><testcase classname="backend.tests.test_bidinn_api.TestLeads" name="test_search_leads" time="0.386" /><testcase classname="backend.tests.test_bidinn_api.TestLeads" name="test_create_lead" time="0.384" /><testcase classname="backend.tests.test_bidinn_api.TestLeads" name="test_get_lead_by_id" time="0.558" /><testcase classname="backend.tests.test_bidinn_api.TestLeads" name="test_update_lead_status" time="0.746" /><testcase classname="backend.tests.test_bidinn_api.TestLeads" name="test_log_call_for_lead" time="0.558" /><testcase classname="backend.tests.test_bidinn_api.TestLeads" name="test_get_import_template" time="0.344" /><testcase classname="backend.tests.test_bidinn_api.TestUsers" name="test_get_all_users" time="0.418" /><testcase classname="backend.tests.test_bidinn_api.TestUsers" name="test_get_user_by_id" time="0.434" /><testcase classname="backend.tests.test_bidinn_api.TestBookings" name="test_get_bookings" time="0.320" /><testcase classname="backend.tests.test_bidinn_api.TestBookings" name="test_get_booking_by_id" time="0.462" /><testcase classname="backend.tests.test_bidinn_api.TestCalls" name="test_get_calls" time="0.500" /><testcase classname="backend.tests.test_bidinn_api.TestAdmin" name="test_get_features" time="0.383" /><testcase classname="backend.tests.test_bidinn_api.TestRoleBasedAccess" name="test_sales_rep_cannot_delete_lead" time="0.683" /><testcase classname="backend.tests.test_bidinn_api.TestRoleBasedAccess" name="test_admin_can_access_seed_data" time="0.458" /></testsuite></testsuites>